<?xml version="1.0" encoding="UTF-8"?>
<!-- Generated by org.testng.reporters.JUnitReportReporter -->
<testsuite skipped="0" hostname="BLR145CG9332CJC" name="APIRest.SumValidation" tests="1" failures="0" timestamp="19 Sep 2021 17:40:28 GMT" time="2.120" errors="0">
  <testcase name="SumValid" time="2.120" classname="APIRest.SumValidation"/>
</testsuite> <!-- APIRest.SumValidation -->
